<?xml version="1.0" encoding="UTF-8"?>
<!-- Generated by org.testng.reporters.JUnitReportReporter -->
<testsuite skipped="0" hostname="hp-PC" name="test.UserPageTest" tests="1" failures="0" timestamp="06 Jul 2021 04:18:36 GMT" time="21.234" errors="0">
  <testcase name="addUserTest" time="21.234" classname="test.UserPageTest"/>
</testsuite> <!-- test.UserPageTest -->
