<?xml version="1.0" encoding="UTF-8"?>
<!-- Generated by org.testng.reporters.JUnitReportReporter -->
<testsuite skipped="0" hostname="hp-PC" name="test.HomePageTest" tests="8" failures="0" timestamp="05 Jul 2021 16:24:00 GMT" time="574.847" errors="0">
  <testcase name="createCandiadtesTest" time="61.615" classname="test.HomePageTest"/>
  <testcase name="createCandiadtesTest" time="24.850" classname="test.HomePageTest"/>
  <testcase name="createCandiadtesTest" time="59.633" classname="test.HomePageTest"/>
  <testcase name="createCandiadtesTest" time="79.371" classname="test.HomePageTest"/>
  <testcase name="createCandiadtesTest" time="137.686" classname="test.HomePageTest"/>
  <testcase name="createCandiadtesTest" time="86.553" classname="test.HomePageTest"/>
  <testcase name="doLoginTest" time="51.235" classname="test.HomePageTest"/>
  <testcase name="homePageTitle" time="73.904" classname="test.HomePageTest"/>
</testsuite> <!-- test.HomePageTest -->
