<?xml version="1.0" encoding="UTF-8"?>
<!-- Generated by org.testng.reporters.JUnitReportReporter -->
<testsuite skipped="0" hostname="hp-PC" name="test.VacancyHomePageTest" tests="5" failures="0" timestamp="06 Jul 2021 04:18:36 GMT" time="78.429" errors="0">
  <testcase name="createVacancyTest" time="15.135" classname="test.VacancyHomePageTest"/>
  <testcase name="createVacancyTest" time="15.922" classname="test.VacancyHomePageTest"/>
  <testcase name="createVacancyTest" time="15.603" classname="test.VacancyHomePageTest"/>
  <testcase name="createVacancyTest" time="15.803" classname="test.VacancyHomePageTest"/>
  <testcase name="createVacancyTest" time="15.966" classname="test.VacancyHomePageTest"/>
</testsuite> <!-- test.VacancyHomePageTest -->
