<?xml version="1.0" encoding="UTF-8"?>
<!-- Generated by org.testng.reporters.JUnitReportReporter -->
<testsuite hostname="hp-PC" name="LoginTest" tests="3" failures="0" timestamp="23 Jun 2021 02:37:16 GMT" time="92.873" errors="0">
  <testcase name="loginPageTitleTest" time="37.822" classname="LoginTest"/>
  <testcase name="doLoginTest" time="38.476" classname="LoginTest"/>
  <testcase name="logoTest" time="16.575" classname="LoginTest"/>
</testsuite> <!-- LoginTest -->
