<?xml version="1.0" encoding="UTF-8"?>
<!-- Generated by org.testng.reporters.JUnitReportReporter -->
<testsuite hostname="hp-PC" name="HomePageTest" tests="8" failures="0" timestamp="4 Jul 2021 05:13:54 GMT" time="199.572" errors="0">
  <testcase name="createCandiadtesTest" time="27.311" classname="HomePageTest"/>
  <testcase name="createCandiadtesTest" time="18.218" classname="HomePageTest"/>
  <testcase name="createCandiadtesTest" time="19.818" classname="HomePageTest"/>
  <testcase name="doLoginTest" time="18.415" classname="HomePageTest"/>
  <testcase name="createCandiadtesTest" time="18.225" classname="HomePageTest"/>
  <testcase name="createCandiadtesTest" time="18.584" classname="HomePageTest"/>
  <testcase name="homePageTitle" time="14.669" classname="HomePageTest"/>
  <testcase name="createCandiadtesTest" time="64.332" classname="HomePageTest"/>
</testsuite> <!-- HomePageTest -->
