<?xml version="1.0" encoding="UTF-8"?>
<!-- Generated by org.testng.reporters.JUnitReportReporter -->
<testsuite hostname="hp-PC" name="VacancyHomePageTest" tests="5" failures="0" timestamp="4 Jul 2021 04:17:35 GMT" time="109.650" errors="0">
  <testcase name="createVacancyTest" time="23.280" classname="VacancyHomePageTest"/>
  <testcase name="createVacancyTest" time="25.340" classname="VacancyHomePageTest"/>
  <testcase name="createVacancyTest" time="17.999" classname="VacancyHomePageTest"/>
  <testcase name="createVacancyTest" time="22.199" classname="VacancyHomePageTest"/>
  <testcase name="createVacancyTest" time="20.832" classname="VacancyHomePageTest"/>
</testsuite> <!-- VacancyHomePageTest -->
