<?xml version="1.0" encoding="UTF-8"?>
<!-- Generated by org.testng.reporters.JUnitReportReporter -->
<testsuite hostname="hp-PC" name="UserPageTest" tests="1" failures="0" timestamp="5 Jul 2021 12:00:45 GMT" time="29.361" errors="0">
  <testcase name="addUserTest" time="29.361" classname="UserPageTest"/>
</testsuite> <!-- UserPageTest -->
