<?xml version="1.0" encoding="UTF-8"?>
<!-- Generated by org.testng.reporters.JUnitReportReporter -->
<testsuite hostname="hp-PC" name="PimPageTest" tests="1" failures="0" timestamp="5 Jul 2021 05:20:21 GMT" time="19.755" errors="0">
  <testcase name="addEmployeeTest" time="19.755" classname="PimPageTest"/>
</testsuite> <!-- PimPageTest -->
