<?xml version="1.0" encoding="UTF-8"?>
<!-- Generated by org.testng.reporters.JUnitReportReporter -->
<testsuite skipped="0" hostname="hp-PC" name="test.LoginTest" tests="3" failures="0" timestamp="05 Jul 2021 16:24:00 GMT" time="150.437" errors="0">
  <testcase name="logoTest" time="39.271" classname="test.LoginTest"/>
  <testcase name="loginPageTitleTest" time="42.854" classname="test.LoginTest"/>
  <testcase name="doLoginTest" time="68.312" classname="test.LoginTest"/>
</testsuite> <!-- test.LoginTest -->
